#
# There is insufficient memory for the Java Runtime Environment to continue.
# Native memory allocation (malloc) failed to allocate 1048576 bytes for AllocateHeap
# Possible reasons:
#   The system is out of physical RAM or swap space
#   In 32 bit mode, the process size limit was hit
# Possible solutions:
#   Reduce memory load on the system
#   Increase physical memory or swap space
#   Check if swap backing store is full
#   Use 64 bit Java on a 64 bit OS
#   Decrease Java heap size (-Xmx/-Xms)
#   Decrease number of Java threads
#   Decrease Java thread stack sizes (-Xss)
#   Set larger code cache with -XX:ReservedCodeCacheSize=
# This output file may be truncated or incomplete.
#
#  Out of Memory Error (memory/allocation.inline.hpp:61), pid=23936, tid=0x0000000000002778
#
# JRE version:  (8.0_181-b13) (build )
# Java VM: Java HotSpot(TM) 64-Bit Server VM (25.181-b13 mixed mode windows-amd64 compressed oops)
# Failed to write core dump. Minidumps are not enabled by default on client versions of Windows
#

---------------  T H R E A D  ---------------

Current thread (0x00000000031c3800):  JavaThread "Unknown thread" [_thread_in_vm, id=10104, stack(0x0000000003000000,0x0000000003100000)]

Stack: [0x0000000003000000,0x0000000003100000]
[error occurred during error reporting (printing stack bounds), id 0xc0000005]

Native frames: (J=compiled Java code, j=interpreted, Vv=VM code, C=native code)


---------------  P R O C E S S  ---------------

Java Threads: ( => current thread )

Other Threads:

=>0x00000000031c3800 (exited) JavaThread "Unknown thread" [_thread_in_vm, id=10104, stack(0x0000000003000000,0x0000000003100000)]

VM state:not at safepoint (normal execution)

VM Mutex/Monitor currently owned by a thread: None

Heap:
 PSYoungGen      total 37888K, used 655K [0x00000000d6200000, 0x00000000d8c00000, 0x0000000100000000)
  eden space 32768K, 2% used [0x00000000d6200000,0x00000000d62a3d80,0x00000000d8200000)
  from space 5120K, 0% used [0x00000000d8700000,0x00000000d8700000,0x00000000d8c00000)
  to   space 5120K, 0% used [0x00000000d8200000,0x00000000d8200000,0x00000000d8700000)
 ParOldGen       total 86016K, used 0K [0x0000000082600000, 0x0000000087a00000, 0x00000000d6200000)
  object space 86016K, 0% used [0x0000000082600000,0x0000000082600000,0x0000000087a00000)
 Metaspace       used 775K, capacity 4480K, committed 4480K, reserved 1056768K
  class space    used 76K, capacity 384K, committed 384K, reserved 1048576K

Card table byte_map: [0x0000000012680000,0x0000000012a70000] byte_map_base: 0x000000001226d000

Marking Bits: (ParMarkBitMap*) 0x0000000065c72d00
 Begin Bits: [0x0000000013710000, 0x0000000015678000)
 End Bits:   [0x0000000015678000, 0x00000000175e0000)

Polling page: 0x0000000000f30000

CodeCache: size=245760Kb used=328Kb max_used=328Kb free=245431Kb
 bounds [0x00000000032c0000, 0x0000000003530000, 0x00000000122c0000]
 total_blobs=58 nmethods=0 adapters=38
 compilation: enabled

Compilation events (0 events):
No events

GC Heap History (0 events):
No events

Deoptimization events (0 events):
No events

Classes redefined (0 events):
No events

Internal exceptions (0 events):
No events

Events (10 events):
Event: 0.039 loading class java/lang/Short
Event: 0.039 loading class java/lang/Short done
Event: 0.039 loading class java/lang/Integer
Event: 0.039 loading class java/lang/Integer done
Event: 0.039 loading class java/lang/Long
Event: 0.039 loading class java/lang/Long done
Event: 0.039 loading class java/lang/NullPointerException
Event: 0.039 loading class java/lang/NullPointerException done
Event: 0.039 loading class java/lang/ArithmeticException
Event: 0.040 loading class java/lang/ArithmeticException done


Dynamic libraries:
0x00007ff6bbd80000 - 0x00007ff6bbdb7000 	C:\Users\msi\Desktop\wevars study\eclipse\jre\bin\javaw.exe
0x00007ffa96ae0000 - 0x00007ffa96cd0000 	C:\WINDOWS\SYSTEM32\ntdll.dll
0x00007ffa959a0000 - 0x00007ffa95a52000 	C:\WINDOWS\System32\KERNEL32.DLL
0x00007ffa94590000 - 0x00007ffa94835000 	C:\WINDOWS\System32\KERNELBASE.dll
0x00007ffa968d0000 - 0x00007ffa96973000 	C:\WINDOWS\System32\ADVAPI32.dll
0x00007ffa96140000 - 0x00007ffa961de000 	C:\WINDOWS\System32\msvcrt.dll
0x00007ffa95760000 - 0x00007ffa957f7000 	C:\WINDOWS\System32\sechost.dll
0x00007ffa96980000 - 0x00007ffa96a9f000 	C:\WINDOWS\System32\RPCRT4.dll
0x00007ffa96240000 - 0x00007ffa963d4000 	C:\WINDOWS\System32\USER32.dll
0x00007ffa93a60000 - 0x00007ffa93a81000 	C:\WINDOWS\System32\win32u.dll
0x00007ffa954a0000 - 0x00007ffa954c6000 	C:\WINDOWS\System32\GDI32.dll
0x00007ffa943f0000 - 0x00007ffa94588000 	C:\WINDOWS\System32\gdi32full.dll
0x00007ffa94890000 - 0x00007ffa9492e000 	C:\WINDOWS\System32\msvcp_win.dll
0x00007ffa94a90000 - 0x00007ffa94b8a000 	C:\WINDOWS\System32\ucrtbase.dll
0x00007ffa833f0000 - 0x00007ffa83674000 	C:\WINDOWS\WinSxS\amd64_microsoft.windows.common-controls_6595b64144ccf1df_6.0.18362.1379_none_9e7ff3b3e45cc0c4\COMCTL32.dll
0x00007ffa95c20000 - 0x00007ffa95f57000 	C:\WINDOWS\System32\combase.dll
0x00007ffa94a00000 - 0x00007ffa94a81000 	C:\WINDOWS\System32\bcryptPrimitives.dll
0x00007ffa956d0000 - 0x00007ffa956fe000 	C:\WINDOWS\System32\IMM32.DLL
0x0000000065180000 - 0x0000000065252000 	C:\Users\msi\Desktop\wevars study\eclipse\jre\jre\bin\msvcr100.dll
0x0000000065450000 - 0x0000000065cf2000 	C:\Users\msi\Desktop\wevars study\eclipse\jre\jre\bin\server\jvm.dll
0x00007ffa956c0000 - 0x00007ffa956c8000 	C:\WINDOWS\System32\PSAPI.DLL
0x00007ffa8e230000 - 0x00007ffa8e239000 	C:\WINDOWS\SYSTEM32\WSOCK32.dll
0x00007ffa918d0000 - 0x00007ffa918f4000 	C:\WINDOWS\SYSTEM32\WINMM.dll
0x00007ffa95800000 - 0x00007ffa9586f000 	C:\WINDOWS\System32\WS2_32.dll
0x00007ffa8b150000 - 0x00007ffa8b15a000 	C:\WINDOWS\SYSTEM32\VERSION.dll
0x00007ffa918a0000 - 0x00007ffa918cd000 	C:\WINDOWS\SYSTEM32\winmmbase.dll
0x00007ffa94840000 - 0x00007ffa9488a000 	C:\WINDOWS\System32\cfgmgr32.dll
0x0000000065360000 - 0x000000006536f000 	C:\Users\msi\Desktop\wevars study\eclipse\jre\jre\bin\verify.dll
0x0000000065330000 - 0x0000000065359000 	C:\Users\msi\Desktop\wevars study\eclipse\jre\jre\bin\java.dll
0x00000000652e0000 - 0x00000000652f6000 	C:\Users\msi\Desktop\wevars study\eclipse\jre\jre\bin\zip.dll

VM Arguments:
jvm_args: -Dfile.encoding=UTF-8 
java_command: todolist.readexcel.ReadExcelFrame
java_class_path (initial): C:\Users\msi\Desktop\wevars study\eclipse\jre\jre\lib\resources.jar;C:\Users\msi\Desktop\wevars study\eclipse\jre\jre\lib\rt.jar;C:\Users\msi\Desktop\wevars study\eclipse\jre\jre\lib\jsse.jar;C:\Users\msi\Desktop\wevars study\eclipse\jre\jre\lib\jce.jar;C:\Users\msi\Desktop\wevars study\eclipse\jre\jre\lib\charsets.jar;C:\Users\msi\Desktop\wevars study\eclipse\jre\jre\lib\jfr.jar;C:\Users\msi\Desktop\wevars study\eclipse\jre\jre\lib\ext\access-bridge-64.jar;C:\Users\msi\Desktop\wevars study\eclipse\jre\jre\lib\ext\cldrdata.jar;C:\Users\msi\Desktop\wevars study\eclipse\jre\jre\lib\ext\dnsns.jar;C:\Users\msi\Desktop\wevars study\eclipse\jre\jre\lib\ext\jaccess.jar;C:\Users\msi\Desktop\wevars study\eclipse\jre\jre\lib\ext\jfxrt.jar;C:\Users\msi\Desktop\wevars study\eclipse\jre\jre\lib\ext\localedata.jar;C:\Users\msi\Desktop\wevars study\eclipse\jre\jre\lib\ext\nashorn.jar;C:\Users\msi\Desktop\wevars study\eclipse\jre\jre\lib\ext\sunec.jar;C:\Users\msi\Desktop\wevars study\eclipse\jre\jre\lib\ext\sunjce_provider.jar;C:\Users\msi\Desktop\wevars study\eclipse\jre\jre\lib\ext\sunmscapi.jar;C:\Users\msi\Desktop\wevars study\eclipse\jre\jre\lib\ext\sunpkcs11.jar;C:\Users\msi\Desktop\wevars study\eclipse\jre\jre\lib\ext\zipfs.jar;C:\Users\msi\Desktop\wevars study\workspace\todolist\bin;C:\Users\msi\Desktop\mysql-connector-j-8.3.0\mysql-connector-j-8.3.0.jar;C:\Users\msi\Desktop\poi-bin-5.2.3\commons-math3-3.6.1.jar;C:\Users\msi\Desktop\poi-bin-5.2.3\poi-5.2.3.jar;C:\Users\msi\Desktop\poi-bin-5.2.3\poi-examples-5.2.3.jar;C:\Users\msi\Desktop\poi-bin-5.2.3\poi-excelant-5.2.3.jar;C:\Users\msi\Desktop\poi-bin-5.2.3\poi-javadoc-5.2.3.jar;C:\Users\msi\Desktop\poi-bin-5.2.3\poi-ooxml-5.2.3.jar;C:\Users\msi\Desktop\poi-bin-5.2.3\poi-ooxml-full-5.2.3.jar;C:\Users\msi\Desktop\poi-bin-5.2.3\poi-ooxml-lite-5.2.3.jar;C:\Users\msi\Desktop\poi-bin-5.2.3\poi-scratchpad-5.2.3.jar;C:\Users\msi\Desktop\poi-bin-5.2.3\commons-codec-1.15.jar;C:\Users\msi\Desktop\poi-bi
Launcher Type: SUN_STANDARD

Environment Variables:
PATH=C:/Users/msi/Desktop/wevars study/eclipse/jre/bin/../jre/bin/server;C:/Users/msi/Desktop/wevars study/eclipse/jre/bin/../jre/bin;C:/Users/msi/Desktop/wevars study/eclipse/jre/bin/../jre/lib/amd64;C:\Program Files (x86)\NAT Service;C:\WINDOWS\system32;C:\WINDOWS;C:\WINDOWS\System32\Wbem;C:\WINDOWS\System32\WindowsPowerShell\v1.0\;C:\WINDOWS\System32\OpenSSH\;C:\Program Files\Bandizip\;C:\Program Files\Git\cmd;C:\Users\msi\Desktop\wevars study\pleiades\java\11\bin;C:\Program Files\nodejs\;C:\Users\msi\AppData\Local\Microsoft\WindowsApps;;C:\Users\msi\AppData\Local\afreeca;C:\Users\msi\AppData\Local\Programs\Microsoft VS Code\bin;C:\Users\msi\AppData\Roaming\npm;C:\Users\msi\Desktop\wevars study\eclipse;
USERNAME=msi
OS=Windows_NT
PROCESSOR_IDENTIFIER=Intel64 Family 6 Model 158 Stepping 10, GenuineIntel



---------------  S Y S T E M  ---------------

OS: Windows 10.0 , 64 bit Build 18362 (10.0.18362.1350)

CPU:total 12 (initial active 12) (6 cores per cpu, 2 threads per core) family 6 model 158 stepping 10, cmov, cx8, fxsr, mmx, sse, sse2, sse3, ssse3, sse4.1, sse4.2, popcnt, avx, avx2, aes, clmul, erms, 3dnowpref, lzcnt, ht, tsc, tscinvbit, bmi1, bmi2, adx

Memory: 4k page, physical 8228400k(792348k free), swap 23704476k(4784k free)

vm_info: Java HotSpot(TM) 64-Bit Server VM (25.181-b13) for windows-amd64 JRE (1.8.0_181-b13), built on Jul  7 2018 04:01:33 by "java_re" with MS VC++ 10.0 (VS2010)

time: Wed Apr 24 18:21:04 2024
elapsed time: 0 seconds (0d 0h 0m 0s)

