#
# There is insufficient memory for the Java Runtime Environment to continue.
# Native memory allocation (malloc) failed to allocate 125376 bytes for Chunk::new
# Possible reasons:
#   The system is out of physical RAM or swap space
#   In 32 bit mode, the process size limit was hit
# Possible solutions:
#   Reduce memory load on the system
#   Increase physical memory or swap space
#   Check if swap backing store is full
#   Use 64 bit Java on a 64 bit OS
#   Decrease Java heap size (-Xmx/-Xms)
#   Decrease number of Java threads
#   Decrease Java thread stack sizes (-Xss)
#   Set larger code cache with -XX:ReservedCodeCacheSize=
# This output file may be truncated or incomplete.
#
#  Out of Memory Error (allocation.cpp:390), pid=19136, tid=0x0000000000005668
#
# JRE version: Java(TM) SE Runtime Environment (8.0_181-b13) (build 1.8.0_181-b13)
# Java VM: Java HotSpot(TM) 64-Bit Server VM (25.181-b13 mixed mode windows-amd64 compressed oops)
# Failed to write core dump. Minidumps are not enabled by default on client versions of Windows
#

---------------  T H R E A D  ---------------

Current thread (0x00000000195a5800):  JavaThread "C2 CompilerThread2" daemon [_thread_in_native, id=22120, stack(0x000000001ad10000,0x000000001ae10000)]

Stack: [0x000000001ad10000,0x000000001ae10000]
[error occurred during error reporting (printing stack bounds), id 0xc0000005]

Native frames: (J=compiled Java code, j=interpreted, Vv=VM code, C=native code)


Current CompileTask:
C2:17521275  885       4       java.util.HashMap::put (13 bytes)


---------------  P R O C E S S  ---------------

Java Threads: ( => current thread )
  0x000000001b4ef000 JavaThread "TimerQueue" daemon [_thread_blocked, id=29056, stack(0x000000001d890000,0x000000001d990000)]
  0x0000000002c43800 JavaThread "DestroyJavaVM" [_thread_blocked, id=8, stack(0x0000000002780000,0x0000000002880000)]
  0x00000000198bb800 JavaThread "AWT-EventQueue-0" [_thread_in_Java, id=28988, stack(0x000000001c690000,0x000000001c790000)]
  0x000000001b2d9000 JavaThread "AWT-Windows" daemon [_thread_in_native, id=22720, stack(0x000000001bca0000,0x000000001bda0000)]
  0x000000001b2d8000 JavaThread "AWT-Shutdown" [_thread_blocked, id=21216, stack(0x000000001bba0000,0x000000001bca0000)]
  0x000000001b2d7000 JavaThread "Java2D Disposer" daemon [_thread_blocked, id=12684, stack(0x000000001baa0000,0x000000001bba0000)]
  0x0000000019646000 JavaThread "Service Thread" daemon [_thread_blocked, id=8656, stack(0x000000001af10000,0x000000001b010000)]
  0x00000000195a6000 JavaThread "C1 CompilerThread3" daemon [_thread_blocked, id=18540, stack(0x000000001ae10000,0x000000001af10000)]
=>0x00000000195a5800 JavaThread "C2 CompilerThread2" daemon [_thread_in_native, id=22120, stack(0x000000001ad10000,0x000000001ae10000)]
  0x000000001959f800 JavaThread "C2 CompilerThread1" daemon [_thread_blocked, id=28448, stack(0x000000001ac10000,0x000000001ad10000)]
  0x000000001953d000 JavaThread "C2 CompilerThread0" daemon [_thread_in_native, id=8528, stack(0x000000001ab10000,0x000000001ac10000)]
  0x000000001953b800 JavaThread "Attach Listener" daemon [_thread_blocked, id=25628, stack(0x000000001aa10000,0x000000001ab10000)]
  0x000000001959a800 JavaThread "Signal Dispatcher" daemon [_thread_blocked, id=14992, stack(0x000000001a910000,0x000000001aa10000)]
  0x0000000017e42800 JavaThread "Finalizer" daemon [_thread_blocked, id=25488, stack(0x000000001a780000,0x000000001a880000)]
  0x0000000002d3e000 JavaThread "Reference Handler" daemon [_thread_blocked, id=560, stack(0x000000001a680000,0x000000001a780000)]

Other Threads:
  0x0000000017e37800 VMThread [stack: 0x000000001a580000,0x000000001a680000] [id=26020]
  0x0000000019658000 WatcherThread [stack: 0x000000001b010000,0x000000001b110000] [id=25304]

VM state:not at safepoint (normal execution)

VM Mutex/Monitor currently owned by a thread: None

Heap:
 PSYoungGen      total 37888K, used 10811K [0x00000000d6200000, 0x00000000d8c00000, 0x0000000100000000)
  eden space 32768K, 32% used [0x00000000d6200000,0x00000000d6c8ed90,0x00000000d8200000)
  from space 5120K, 0% used [0x00000000d8700000,0x00000000d8700000,0x00000000d8c00000)
  to   space 5120K, 0% used [0x00000000d8200000,0x00000000d8200000,0x00000000d8700000)
 ParOldGen       total 86016K, used 0K [0x0000000082600000, 0x0000000087a00000, 0x00000000d6200000)
  object space 86016K, 0% used [0x0000000082600000,0x0000000082600000,0x0000000087a00000)
 Metaspace       used 11284K, capacity 11478K, committed 11776K, reserved 1058816K
  class space    used 1433K, capacity 1517K, committed 1536K, reserved 1048576K

Card table byte_map: [0x0000000012100000,0x00000000124f0000] byte_map_base: 0x0000000011ced000

Marking Bits: (ParMarkBitMap*) 0x0000000065c72d00
 Begin Bits: [0x0000000013190000, 0x00000000150f8000)
 End Bits:   [0x00000000150f8000, 0x0000000017060000)

Polling page: 0x00000000005e0000

CodeCache: size=245760Kb used=3233Kb max_used=3235Kb free=242526Kb
 bounds [0x0000000002d40000, 0x0000000003070000, 0x0000000011d40000]
 total_blobs=1352 nmethods=885 adapters=379
 compilation: enabled

Compilation events (10 events):
Event: 17520.585 Thread 0x00000000195a6000 nmethod 881 0x0000000003062ed0 code [0x0000000003063040, 0x0000000003063248]
Event: 17520.620 Thread 0x000000001959f800 nmethod 879 0x0000000003069c90 code [0x0000000003069e60, 0x000000000306a950]
Event: 17521.006 Thread 0x00000000195a6000  883       3       sun.invoke.util.BytecodeDescriptor::unparseSig (75 bytes)
Event: 17521.061 Thread 0x00000000195a6000 nmethod 883 0x000000000306b050 code [0x000000000306b340, 0x000000000306cb18]
Event: 17521.103 Thread 0x00000000195a6000  884       3       jdk.internal.org.objectweb.asm.Item::<init> (5 bytes)
Event: 17521.105 Thread 0x00000000195a6000 nmethod 884 0x00000000030698d0 code [0x0000000003069a20, 0x0000000003069bd0]
Event: 17521.225 Thread 0x00000000195a5800  885       4       java.util.HashMap::put (13 bytes)
Event: 17521.226 Thread 0x00000000195a6000  886       1       java.util.HashMap::afterNodeAccess (1 bytes)
Event: 17521.226 Thread 0x00000000195a6000 nmethod 886 0x0000000003069610 code [0x0000000003069760, 0x0000000003069870]
Event: 17521.226 Thread 0x000000001953d000  887       4       java.util.HashMap::putVal (300 bytes)

GC Heap History (0 events):
No events

Deoptimization events (6 events):
Event: 10.204 Thread 0x00000000198bb800 Uncommon trap: reason=class_check action=maybe_recompile pc=0x0000000002eb55a0 method=java.lang.String.equals(Ljava/lang/Object;)Z @ 8
Event: 10.204 Thread 0x00000000198bb800 Uncommon trap: reason=class_check action=maybe_recompile pc=0x0000000002eb55a0 method=java.lang.String.equals(Ljava/lang/Object;)Z @ 8
Event: 17521.214 Thread 0x00000000198bb800 Uncommon trap: reason=class_check action=maybe_recompile pc=0x000000000306a838 method=java.util.HashMap.putVal(ILjava/lang/Object;Ljava/lang/Object;ZZ)Ljava/lang/Object; @ 203
Event: 17521.225 Thread 0x00000000198bb800 Uncommon trap: reason=class_check action=maybe_recompile pc=0x000000000306a838 method=java.util.HashMap.putVal(ILjava/lang/Object;Ljava/lang/Object;ZZ)Ljava/lang/Object; @ 203
Event: 17521.225 Thread 0x00000000198bb800 Uncommon trap: reason=class_check action=maybe_recompile pc=0x000000000306a838 method=java.util.HashMap.putVal(ILjava/lang/Object;Ljava/lang/Object;ZZ)Ljava/lang/Object; @ 203
Event: 17521.226 Thread 0x00000000198bb800 Uncommon trap: reason=class_check action=maybe_recompile pc=0x000000000306a838 method=java.util.HashMap.putVal(ILjava/lang/Object;Ljava/lang/Object;ZZ)Ljava/lang/Object; @ 203

Classes redefined (0 events):
No events

Internal exceptions (10 events):
Event: 0.114 Thread 0x0000000002c43800 Exception <a 'java/security/PrivilegedActionException'> (0x00000000d6316a20) thrown at [C:\re\workspace\8-2-build-windows-amd64-cygwin\jdk8u181\11358\hotspot\src\share\vm\prims\jvm.cpp, line 1435]
Event: 0.114 Thread 0x0000000002c43800 Exception <a 'java/security/PrivilegedActionException'> (0x00000000d6316c30) thrown at [C:\re\workspace\8-2-build-windows-amd64-cygwin\jdk8u181\11358\hotspot\src\share\vm\prims\jvm.cpp, line 1435]
Event: 0.114 Thread 0x0000000002c43800 Exception <a 'java/security/PrivilegedActionException'> (0x00000000d631b280) thrown at [C:\re\workspace\8-2-build-windows-amd64-cygwin\jdk8u181\11358\hotspot\src\share\vm\prims\jvm.cpp, line 1435]
Event: 0.114 Thread 0x0000000002c43800 Exception <a 'java/security/PrivilegedActionException'> (0x00000000d631b490) thrown at [C:\re\workspace\8-2-build-windows-amd64-cygwin\jdk8u181\11358\hotspot\src\share\vm\prims\jvm.cpp, line 1435]
Event: 0.120 Thread 0x0000000002c43800 Exception <a 'java/io/FileNotFoundException'> (0x00000000d631e2f0) thrown at [C:\re\workspace\8-2-build-windows-amd64-cygwin\jdk8u181\11358\hotspot\src\share\vm\prims\jni.cpp, line 709]
Event: 0.145 Thread 0x0000000002c43800 Exception <a 'java/lang/NoSuchFieldError': method resolution failed> (0x00000000d6493780) thrown at [C:\re\workspace\8-2-build-windows-amd64-cygwin\jdk8u181\11358\hotspot\src\share\vm\prims\methodHandles.cpp, line 1167]
Event: 0.146 Thread 0x0000000002c43800 Exception <a 'java/lang/NoSuchFieldError': method resolution failed> (0x00000000d64a0b50) thrown at [C:\re\workspace\8-2-build-windows-amd64-cygwin\jdk8u181\11358\hotspot\src\share\vm\prims\methodHandles.cpp, line 1167]
Event: 0.172 Thread 0x0000000002c43800 Exception <a 'java/io/FileNotFoundException'> (0x00000000d6539a60) thrown at [C:\re\workspace\8-2-build-windows-amd64-cygwin\jdk8u181\11358\hotspot\src\share\vm\prims\jni.cpp, line 709]
Event: 0.246 Thread 0x0000000002c43800 Exception <a 'java/io/FileNotFoundException'> (0x00000000d66ef3e8) thrown at [C:\re\workspace\8-2-build-windows-amd64-cygwin\jdk8u181\11358\hotspot\src\share\vm\prims\jni.cpp, line 709]
Event: 0.247 Thread 0x0000000002c43800 Exception <a 'java/lang/NullPointerException'> (0x00000000d66ef8a8) thrown at [C:\re\workspace\8-2-build-windows-amd64-cygwin\jdk8u181\11358\hotspot\src\share\vm\interpreter\linkResolver.cpp, line 1185]

Events (10 events):
Event: 17521.220 Thread 0x00000000198bb800 DEOPT UNPACKING pc=0x0000000002d8583b sp=0x000000001c78e318 mode 2
Event: 17521.225 Thread 0x00000000198bb800 Uncommon trap: trap_request=0xffffffde fr.pc=0x000000000306a838
Event: 17521.225 Thread 0x00000000198bb800 DEOPT PACKING pc=0x000000000306a838 sp=0x000000001c78e3a0
Event: 17521.225 Thread 0x00000000198bb800 DEOPT UNPACKING pc=0x0000000002d8583b sp=0x000000001c78e318 mode 2
Event: 17521.225 Thread 0x00000000198bb800 Uncommon trap: trap_request=0xffffffde fr.pc=0x000000000306a838
Event: 17521.225 Thread 0x00000000198bb800 DEOPT PACKING pc=0x000000000306a838 sp=0x000000001c78e3a0
Event: 17521.225 Thread 0x00000000198bb800 DEOPT UNPACKING pc=0x0000000002d8583b sp=0x000000001c78e318 mode 2
Event: 17521.226 Thread 0x00000000198bb800 Uncommon trap: trap_request=0xffffffde fr.pc=0x000000000306a838
Event: 17521.226 Thread 0x00000000198bb800 DEOPT PACKING pc=0x000000000306a838 sp=0x000000001c78e3a0
Event: 17521.226 Thread 0x00000000198bb800 DEOPT UNPACKING pc=0x0000000002d8583b sp=0x000000001c78e318 mode 2


Dynamic libraries:
0x00007ff6aae40000 - 0x00007ff6aae77000 	C:\Users\msi\Desktop\wevars study\eclipse\jre\bin\javaw.exe
0x00007ffa96ae0000 - 0x00007ffa96cd0000 	C:\WINDOWS\SYSTEM32\ntdll.dll
0x00007ffa959a0000 - 0x00007ffa95a52000 	C:\WINDOWS\System32\KERNEL32.DLL
0x00007ffa94590000 - 0x00007ffa94835000 	C:\WINDOWS\System32\KERNELBASE.dll
0x00007ffa968d0000 - 0x00007ffa96973000 	C:\WINDOWS\System32\ADVAPI32.dll
0x00007ffa96140000 - 0x00007ffa961de000 	C:\WINDOWS\System32\msvcrt.dll
0x00007ffa95760000 - 0x00007ffa957f7000 	C:\WINDOWS\System32\sechost.dll
0x00007ffa96980000 - 0x00007ffa96a9f000 	C:\WINDOWS\System32\RPCRT4.dll
0x00007ffa96240000 - 0x00007ffa963d4000 	C:\WINDOWS\System32\USER32.dll
0x00007ffa93a60000 - 0x00007ffa93a81000 	C:\WINDOWS\System32\win32u.dll
0x00007ffa954a0000 - 0x00007ffa954c6000 	C:\WINDOWS\System32\GDI32.dll
0x00007ffa943f0000 - 0x00007ffa94588000 	C:\WINDOWS\System32\gdi32full.dll
0x00007ffa94890000 - 0x00007ffa9492e000 	C:\WINDOWS\System32\msvcp_win.dll
0x00007ffa94a90000 - 0x00007ffa94b8a000 	C:\WINDOWS\System32\ucrtbase.dll
0x00007ffa833f0000 - 0x00007ffa83674000 	C:\WINDOWS\WinSxS\amd64_microsoft.windows.common-controls_6595b64144ccf1df_6.0.18362.1379_none_9e7ff3b3e45cc0c4\COMCTL32.dll
0x00007ffa95c20000 - 0x00007ffa95f57000 	C:\WINDOWS\System32\combase.dll
0x00007ffa94a00000 - 0x00007ffa94a81000 	C:\WINDOWS\System32\bcryptPrimitives.dll
0x00007ffa956d0000 - 0x00007ffa956fe000 	C:\WINDOWS\System32\IMM32.DLL
0x0000000065180000 - 0x0000000065252000 	C:\Users\msi\Desktop\wevars study\eclipse\jre\jre\bin\msvcr100.dll
0x0000000065450000 - 0x0000000065cf2000 	C:\Users\msi\Desktop\wevars study\eclipse\jre\jre\bin\server\jvm.dll
0x00007ffa956c0000 - 0x00007ffa956c8000 	C:\WINDOWS\System32\PSAPI.DLL
0x00007ffa8c3a0000 - 0x00007ffa8c3a9000 	C:\WINDOWS\SYSTEM32\WSOCK32.dll
0x00007ffa918d0000 - 0x00007ffa918f4000 	C:\WINDOWS\SYSTEM32\WINMM.dll
0x00007ffa8b150000 - 0x00007ffa8b15a000 	C:\WINDOWS\SYSTEM32\VERSION.dll
0x00007ffa95800000 - 0x00007ffa9586f000 	C:\WINDOWS\System32\WS2_32.dll
0x00007ffa918a0000 - 0x00007ffa918cd000 	C:\WINDOWS\SYSTEM32\winmmbase.dll
0x00007ffa94840000 - 0x00007ffa9488a000 	C:\WINDOWS\System32\cfgmgr32.dll
0x0000000065360000 - 0x000000006536f000 	C:\Users\msi\Desktop\wevars study\eclipse\jre\jre\bin\verify.dll
0x0000000065330000 - 0x0000000065359000 	C:\Users\msi\Desktop\wevars study\eclipse\jre\jre\bin\java.dll
0x00000000652e0000 - 0x00000000652f6000 	C:\Users\msi\Desktop\wevars study\eclipse\jre\jre\bin\zip.dll
0x00007ffa94c70000 - 0x00007ffa95358000 	C:\WINDOWS\System32\SHELL32.dll
0x00007ffa95f60000 - 0x00007ffa96007000 	C:\WINDOWS\System32\shcore.dll
0x00007ffa93c70000 - 0x00007ffa943eb000 	C:\WINDOWS\System32\windows.storage.dll
0x00007ffa93a10000 - 0x00007ffa93a33000 	C:\WINDOWS\System32\profapi.dll
0x00007ffa939c0000 - 0x00007ffa93a0a000 	C:\WINDOWS\System32\powrprof.dll
0x00007ffa93990000 - 0x00007ffa939a0000 	C:\WINDOWS\System32\UMPDC.dll
0x00007ffa961e0000 - 0x00007ffa96232000 	C:\WINDOWS\System32\shlwapi.dll
0x00007ffa939a0000 - 0x00007ffa939b1000 	C:\WINDOWS\System32\kernel.appcore.dll
0x00007ffa949e0000 - 0x00007ffa949f7000 	C:\WINDOWS\System32\cryptsp.dll
0x0000000064fe0000 - 0x0000000065179000 	C:\Users\msi\Desktop\wevars study\eclipse\jre\jre\bin\awt.dll
0x00007ffa96070000 - 0x00007ffa96135000 	C:\WINDOWS\System32\OLEAUT32.dll
0x00007ffa91b30000 - 0x00007ffa91bbf000 	C:\WINDOWS\SYSTEM32\apphelp.dll
0x00007ffa92150000 - 0x00007ffa9217d000 	C:\WINDOWS\system32\DWMAPI.DLL
0x00007ffa91c20000 - 0x00007ffa91cb9000 	C:\WINDOWS\system32\uxtheme.dll
0x00007ffa82cb0000 - 0x00007ffa82e06000 	C:\WINDOWS\system32\opengl32.dll
0x00007ffa87c20000 - 0x00007ffa87c4c000 	C:\WINDOWS\SYSTEM32\GLU32.dll
0x00007ffa925d0000 - 0x00007ffa925f0000 	C:\WINDOWS\SYSTEM32\dxcore.dll
0x00007ffa95360000 - 0x00007ffa95495000 	C:\WINDOWS\System32\MSCTF.dll
0x00007ffa95560000 - 0x00007ffa956b7000 	C:\WINDOWS\System32\ole32.dll
0x0000000064f90000 - 0x0000000064fd7000 	C:\Users\msi\Desktop\wevars study\eclipse\jre\jre\bin\fontmanager.dll
0x00000000652c0000 - 0x00000000652da000 	C:\Users\msi\Desktop\wevars study\eclipse\jre\jre\bin\net.dll
0x00007ffa931d0000 - 0x00007ffa93237000 	C:\WINDOWS\system32\mswsock.dll
0x00000000652a0000 - 0x00000000652b1000 	C:\Users\msi\Desktop\wevars study\eclipse\jre\jre\bin\nio.dll
0x0000000064f40000 - 0x0000000064f82000 	C:\Users\msi\Desktop\wevars study\eclipse\jre\jre\bin\t2k.dll
0x00007ffa95870000 - 0x00007ffa95912000 	C:\WINDOWS\System32\clbcatq.dll
0x00007ffa8db40000 - 0x00007ffa8dcef000 	C:\WINDOWS\SYSTEM32\WindowsCodecs.dll
0x00007ffa81fe0000 - 0x00007ffa8201b000 	C:\WINDOWS\system32\dataexchange.dll
0x00007ffa90b60000 - 0x00007ffa90dbb000 	C:\WINDOWS\system32\d3d11.dll
0x00007ffa91270000 - 0x00007ffa9144d000 	C:\WINDOWS\system32\dcomp.dll
0x00007ffa92660000 - 0x00007ffa9274b000 	C:\WINDOWS\system32\dxgi.dll
0x00007ffa91cc0000 - 0x00007ffa91f1a000 	C:\WINDOWS\system32\twinapi.appcore.dll
0x00007ffa92120000 - 0x00007ffa92149000 	C:\WINDOWS\system32\RMCLIENT.dll
0x00007ffa8d0d0000 - 0x00007ffa8d16d000 	C:\WINDOWS\System32\TextInputFramework.dll
0x00007ffa917c0000 - 0x00007ffa91894000 	C:\WINDOWS\System32\CoreMessaging.dll
0x00007ffa8e840000 - 0x00007ffa8eb6a000 	C:\WINDOWS\System32\CoreUIComponents.dll
0x00007ffa929d0000 - 0x00007ffa92a01000 	C:\WINDOWS\SYSTEM32\ntmarta.dll
0x00007ffa8f500000 - 0x00007ffa8f652000 	C:\WINDOWS\SYSTEM32\wintypes.dll
0x00007ffa840b0000 - 0x00007ffa84357000 	C:\WINDOWS\System32\iertutil.dll
0x00007ffa87fd0000 - 0x00007ffa8809f000 	C:\Windows\System32\IME\IMEKR\imkrtip.dll
0x00007ffa90250000 - 0x00007ffa90340000 	C:\WINDOWS\SYSTEM32\PROPSYS.dll
0x00007ffa85680000 - 0x00007ffa857b8000 	C:\Windows\System32\IME\shared\imetip.dll
0x00007ffa87b10000 - 0x00007ffa87b75000 	C:\WINDOWS\SYSTEM32\OLEACC.dll
0x00007ffa84f00000 - 0x00007ffa850b3000 	C:\WINDOWS\SYSTEM32\DUI70.dll
0x00007ffa893e0000 - 0x00007ffa8941e000 	C:\Windows\System32\IME\IMEKR\imkrapi.dll
0x00007ffa87f90000 - 0x00007ffa87fcc000 	C:\Windows\System32\IME\shared\imjkapi.dll

VM Arguments:
jvm_args: -Dfile.encoding=UTF-8 
java_command: todolist.modify.ToDoListModifyFrame
java_class_path (initial): C:\Users\msi\Desktop\wevars study\eclipse\jre\jre\lib\resources.jar;C:\Users\msi\Desktop\wevars study\eclipse\jre\jre\lib\rt.jar;C:\Users\msi\Desktop\wevars study\eclipse\jre\jre\lib\jsse.jar;C:\Users\msi\Desktop\wevars study\eclipse\jre\jre\lib\jce.jar;C:\Users\msi\Desktop\wevars study\eclipse\jre\jre\lib\charsets.jar;C:\Users\msi\Desktop\wevars study\eclipse\jre\jre\lib\jfr.jar;C:\Users\msi\Desktop\wevars study\eclipse\jre\jre\lib\ext\access-bridge-64.jar;C:\Users\msi\Desktop\wevars study\eclipse\jre\jre\lib\ext\cldrdata.jar;C:\Users\msi\Desktop\wevars study\eclipse\jre\jre\lib\ext\dnsns.jar;C:\Users\msi\Desktop\wevars study\eclipse\jre\jre\lib\ext\jaccess.jar;C:\Users\msi\Desktop\wevars study\eclipse\jre\jre\lib\ext\jfxrt.jar;C:\Users\msi\Desktop\wevars study\eclipse\jre\jre\lib\ext\localedata.jar;C:\Users\msi\Desktop\wevars study\eclipse\jre\jre\lib\ext\nashorn.jar;C:\Users\msi\Desktop\wevars study\eclipse\jre\jre\lib\ext\sunec.jar;C:\Users\msi\Desktop\wevars study\eclipse\jre\jre\lib\ext\sunjce_provider.jar;C:\Users\msi\Desktop\wevars study\eclipse\jre\jre\lib\ext\sunmscapi.jar;C:\Users\msi\Desktop\wevars study\eclipse\jre\jre\lib\ext\sunpkcs11.jar;C:\Users\msi\Desktop\wevars study\eclipse\jre\jre\lib\ext\zipfs.jar;C:\Users\msi\Desktop\wevars study\workspace\todolist\bin;C:\Users\msi\Desktop\mysql-connector-j-8.3.0\mysql-connector-j-8.3.0.jar;C:\Users\msi\Desktop\poi-bin-5.2.3\commons-math3-3.6.1.jar;C:\Users\msi\Desktop\poi-bin-5.2.3\poi-5.2.3.jar;C:\Users\msi\Desktop\poi-bin-5.2.3\poi-examples-5.2.3.jar;C:\Users\msi\Desktop\poi-bin-5.2.3\poi-excelant-5.2.3.jar;C:\Users\msi\Desktop\poi-bin-5.2.3\poi-javadoc-5.2.3.jar;C:\Users\msi\Desktop\poi-bin-5.2.3\poi-ooxml-5.2.3.jar;C:\Users\msi\Desktop\poi-bin-5.2.3\poi-ooxml-full-5.2.3.jar;C:\Users\msi\Desktop\poi-bin-5.2.3\poi-ooxml-lite-5.2.3.jar;C:\Users\msi\Desktop\poi-bin-5.2.3\poi-scratchpad-5.2.3.jar;C:\Users\msi\Desktop\poi-bin-5.2.3\commons-codec-1.15.jar;C:\Users\msi\Desktop\poi-bi
Launcher Type: SUN_STANDARD

Environment Variables:
PATH=C:/Users/msi/Desktop/wevars study/eclipse/jre/bin/../jre/bin/server;C:/Users/msi/Desktop/wevars study/eclipse/jre/bin/../jre/bin;C:/Users/msi/Desktop/wevars study/eclipse/jre/bin/../jre/lib/amd64;C:\Program Files (x86)\NAT Service;C:\WINDOWS\system32;C:\WINDOWS;C:\WINDOWS\System32\Wbem;C:\WINDOWS\System32\WindowsPowerShell\v1.0\;C:\WINDOWS\System32\OpenSSH\;C:\Program Files\Bandizip\;C:\Program Files\Git\cmd;C:\Users\msi\Desktop\wevars study\pleiades\java\11\bin;C:\Program Files\nodejs\;C:\Users\msi\AppData\Local\Microsoft\WindowsApps;;C:\Users\msi\AppData\Local\afreeca;C:\Users\msi\AppData\Local\Programs\Microsoft VS Code\bin;C:\Users\msi\AppData\Roaming\npm;C:\Users\msi\Desktop\wevars study\eclipse;
USERNAME=msi
OS=Windows_NT
PROCESSOR_IDENTIFIER=Intel64 Family 6 Model 158 Stepping 10, GenuineIntel



---------------  S Y S T E M  ---------------

OS: Windows 10.0 , 64 bit Build 18362 (10.0.18362.1350)

CPU:total 12 (initial active 12) (6 cores per cpu, 2 threads per core) family 6 model 158 stepping 10, cmov, cx8, fxsr, mmx, sse, sse2, sse3, ssse3, sse4.1, sse4.2, popcnt, avx, avx2, aes, clmul, erms, 3dnowpref, lzcnt, ht, tsc, tscinvbit, bmi1, bmi2, adx

Memory: 4k page, physical 8228400k(435164k free), swap 23704476k(0k free)

vm_info: Java HotSpot(TM) 64-Bit Server VM (25.181-b13) for windows-amd64 JRE (1.8.0_181-b13), built on Jul  7 2018 04:01:33 by "java_re" with MS VC++ 10.0 (VS2010)

time: Thu Apr 25 17:11:18 2024
elapsed time: 17521 seconds (0d 4h 52m 1s)

